<?xml version="1.0" encoding="UTF-8"?>
<!-- Generated by org.testng.reporters.JUnitXMLReporter -->
<testsuite hostname="Vamsi" name="Test" tests="4" failures="1" timestamp="27 Dec 2022 14:45:53 GMT" time="55.219" errors="0">
  <testcase name="amazonProductSearch" time="12.826" classname="concepts.selenium.SeleniumConcepts.FindingNumberOfLinks"/>
  <testcase name="amazonProductSearch" time="34.46" classname="concepts.selenium.SeleniumConcepts.TextEntryAndButtonLinkClick"/>
  <testcase name="amazonProductSearch" time="23.831" classname="concepts.selenium.SeleniumConcepts.SpiceJetFlightDepartureDateSelection"/>
  <testcase name="amazonProductSearch" time="20.71" classname="concepts.selenium.SeleniumConcepts.AlertsExample">
    <failure type="org.openqa.selenium.NoAlertPresentException" message="no such alert
  (Session info: MicrosoftEdge=108.0.1462.54)
Build info: version: &amp;apos;4.6.0&amp;apos;, revision: &amp;apos;79f1c02ae20&amp;apos;
System info: os.name: &amp;apos;Windows 10&amp;apos;, os.arch: &amp;apos;amd64&amp;apos;, os.version: &amp;apos;10.0&amp;apos;, java.version: &amp;apos;1.8.0_201&amp;apos;
Driver info: org.openqa.selenium.edge.EdgeDriver
Command: [eeaa37ef07c34f95573550096f0615e7, getAlertText {}]
Capabilities {acceptInsecureCerts: false, browserName: msedge, browserVersion: 108.0.1462.54, ms:edgeOptions: {debuggerAddress: localhost:56557}, msedge: {msedgedriverVersion: 108.0.1462.54 (c2998c8c6617..., userDataDir: C:\Users\owner\AppData\Loca...}, networkConnectionEnabled: false, pageLoadStrategy: normal, platformName: WINDOWS, proxy: Proxy(), se:cdp: ws://localhost:56557/devtoo..., se:cdpVersion: 108.0.1462.54, setWindowRect: true, strictFileInteractability: false, timeouts: {implicit: 0, pageLoad: 300000, script: 30000}, unhandledPromptBehavior: dismiss and notify, webauthn:extension:credBlob: true, webauthn:extension:largeBlob: true, webauthn:virtualAuthenticators: true}
Session ID: eeaa37ef07c34f95573550096f0615e7">
      <![CDATA[org.openqa.selenium.NoAlertPresentException: no such alert
  (Session info: MicrosoftEdge=108.0.1462.54)
Build info: version: '4.6.0', revision: '79f1c02ae20'
System info: os.name: 'Windows 10', os.arch: 'amd64', os.version: '10.0', java.version: '1.8.0_201'
Driver info: org.openqa.selenium.edge.EdgeDriver
Command: [eeaa37ef07c34f95573550096f0615e7, getAlertText {}]
Capabilities {acceptInsecureCerts: false, browserName: msedge, browserVersion: 108.0.1462.54, ms:edgeOptions: {debuggerAddress: localhost:56557}, msedge: {msedgedriverVersion: 108.0.1462.54 (c2998c8c6617..., userDataDir: C:\Users\owner\AppData\Loca...}, networkConnectionEnabled: false, pageLoadStrategy: normal, platformName: WINDOWS, proxy: Proxy(), se:cdp: ws://localhost:56557/devtoo..., se:cdpVersion: 108.0.1462.54, setWindowRect: true, strictFileInteractability: false, timeouts: {implicit: 0, pageLoad: 300000, script: 30000}, unhandledPromptBehavior: dismiss and notify, webauthn:extension:credBlob: true, webauthn:extension:largeBlob: true, webauthn:virtualAuthenticators: true}
Session ID: eeaa37ef07c34f95573550096f0615e7
	at org.openqa.selenium.remote.codec.w3c.W3CHttpResponseCodec.createException(W3CHttpResponseCodec.java:200)
	at org.openqa.selenium.remote.codec.w3c.W3CHttpResponseCodec.decode(W3CHttpResponseCodec.java:133)
	at org.openqa.selenium.remote.codec.w3c.W3CHttpResponseCodec.decode(W3CHttpResponseCodec.java:53)
	at org.openqa.selenium.remote.HttpCommandExecutor.execute(HttpCommandExecutor.java:184)
	at org.openqa.selenium.remote.service.DriverCommandExecutor.invokeExecute(DriverCommandExecutor.java:167)
	at org.openqa.selenium.remote.service.DriverCommandExecutor.execute(DriverCommandExecutor.java:142)
	at org.openqa.selenium.remote.RemoteWebDriver.execute(RemoteWebDriver.java:541)
	at org.openqa.selenium.remote.RemoteWebDriver.execute(RemoteWebDriver.java:596)
	at org.openqa.selenium.remote.RemoteWebDriver.execute(RemoteWebDriver.java:600)
	at org.openqa.selenium.remote.RemoteWebDriver$RemoteTargetLocator.alert(RemoteWebDriver.java:1078)
	at concepts.selenium.SeleniumConcepts.AlertsExample.amazonProductSearch(AlertsExample.java:31)
	at java.util.concurrent.ThreadPoolExecutor.runWorker(Unknown Source)
	at java.util.concurrent.ThreadPoolExecutor$Worker.run(Unknown Source)
	at java.lang.Thread.run(Unknown Source)
... Removed 14 stack frames]]>
    </failure>
  </testcase> <!-- amazonProductSearch -->
</testsuite> <!-- Test -->
